2020-10-29 09:56:06,260 - log.py[line:48] - DEBUG: {'env': {'loginurl': 'http://dev-public.apps.cloud2go.cn/public/ide/web/user/login'}, 'test': {'loginurl': 'http://dev-public.apps.cloud2go.cn/public/ide/web/user/login'}, 'prodect': {'loginurl': 'http://dev-public.apps.cloud2go.cn/public/ide/web/user/login'}}
2020-10-29 09:56:06,269 - log.py[line:48] - DEBUG: {'Env': {'Login': {'username': 17688773923, 'password': '12345678aa'}}, 'Test': {'Login': {'username': 17688773923, 'password': '12345678aa'}}, 'prodect': {'Login': {'username': 17688773923, 'password': '12345678aa'}}}
2020-10-29 09:56:35,663 - log.py[line:48] - DEBUG: {'env': {'loginurl': 'http://dev-public.apps.cloud2go.cn/public/ide/web/user/login'}, 'test': {'loginurl': 'http://dev-public.apps.cloud2go.cn/public/ide/web/user/login'}, 'prodect': {'loginurl': 'http://dev-public.apps.cloud2go.cn/public/ide/web/user/login'}}
2020-10-29 09:56:35,696 - log.py[line:48] - DEBUG: {'Env': {'Login': {'username': 17688773923, 'password': '12345678aa'}}, 'Test': {'Login': {'username': 17688773923, 'password': '12345678aa'}}, 'prodect': {'Login': {'username': 17688773923, 'password': '12345678aa'}}}
2020-10-29 10:20:08,844 - log.py[line:48] - DEBUG: {'env': {'loginurl': 'http://dev-public.apps.cloud2go.cn/public/ide/web/user/login'}, 'test': {'loginurl': 'http://dev-public.apps.cloud2go.cn/public/ide/web/user/login'}, 'prodect': {'loginurl': 'http://dev-public.apps.cloud2go.cn/public/ide/web/user/login'}}
2020-10-29 10:20:08,848 - log.py[line:48] - DEBUG: {'Env': {'Login': {'username': 17688773923, 'password': '12345678aa'}}, 'Test': {'Login': {'username': 17688773923, 'password': '12345678aa'}}, 'prodect': {'Login': {'username': 17688773923, 'password': '12345678aa'}}}
2020-10-29 10:24:00,171 - log.py[line:48] - DEBUG: {'env': {'loginurl': 'http://dev-public.apps.cloud2go.cn/public/ide/web/user/login'}, 'test': {'loginurl': 'http://dev-public.apps.cloud2go.cn/public/ide/web/user/login'}, 'prodect': {'loginurl': 'http://dev-public.apps.cloud2go.cn/public/ide/web/user/login'}}
2020-10-29 10:24:00,174 - log.py[line:48] - DEBUG: {'Env': {'Login': {'username': 17688773923, 'password': '12345678aa'}}, 'Test': {'Login': {'username': 17688773923, 'password': '12345678aa'}}, 'prodect': {'Login': {'username': 17688773923, 'password': '12345678aa'}}}
2020-10-29 10:26:12,043 - log.py[line:48] - DEBUG: {'env': {'loginurl': 'http://dev-public.apps.cloud2go.cn/public/ide/web/user/login'}, 'test': {'loginurl': 'http://dev-public.apps.cloud2go.cn/public/ide/web/user/login'}, 'prodect': {'loginurl': 'http://dev-public.apps.cloud2go.cn/public/ide/web/user/login'}}
2020-10-29 10:26:12,047 - log.py[line:48] - DEBUG: {'Env': {'Login': {'username': 17688773923, 'password': '12345678aa'}}, 'Test': {'Login': {'username': 17688773923, 'password': '12345678aa'}}, 'prodect': {'Login': {'username': 17688773923, 'password': '12345678aa'}}}
2020-10-29 10:28:02,888 - log.py[line:48] - DEBUG: {'env': {'loginurl': 'http://dev-public.apps.cloud2go.cn/public/ide/web/user/login'}, 'test': {'loginurl': 'http://dev-public.apps.cloud2go.cn/public/ide/web/user/login'}, 'prodect': {'loginurl': 'http://dev-public.apps.cloud2go.cn/public/ide/web/user/login'}}
2020-10-29 10:28:02,894 - log.py[line:48] - DEBUG: {'Env': {'Login': {'username': 17688773923, 'password': '12345678aa'}}, 'Test': {'Login': {'username': 17688773923, 'password': '12345678aa'}}, 'prodect': {'Login': {'username': 17688773923, 'password': '12345678aa'}}}
2020-10-29 10:30:07,274 - log.py[line:48] - DEBUG: {'env': {'loginurl': 'http://dev-public.apps.cloud2go.cn/public/ide/web/user/login'}, 'test': {'loginurl': 'http://dev-public.apps.cloud2go.cn/public/ide/web/user/login'}, 'prodect': {'loginurl': 'http://dev-public.apps.cloud2go.cn/public/ide/web/user/login'}}
2020-10-29 10:30:07,276 - log.py[line:48] - DEBUG: {'Env': {'Login': {'username': 17688773923, 'password': '12345678aa'}}, 'Test': {'Login': {'username': 17688773923, 'password': '12345678aa'}}, 'prodect': {'Login': {'username': 17688773923, 'password': '12345678aa'}}}
2020-10-29 10:31:16,118 - log.py[line:48] - DEBUG: {'env': {'loginurl': 'http://dev-public.apps.cloud2go.cn/public/ide/web/user/login'}, 'test': {'loginurl': 'http://dev-public.apps.cloud2go.cn/public/ide/web/user/login'}, 'prodect': {'loginurl': 'http://dev-public.apps.cloud2go.cn/public/ide/web/user/login'}}
2020-10-29 10:31:16,124 - log.py[line:48] - DEBUG: {'Env': {'Login': {'username': 17688773923, 'password': '12345678aa'}}, 'Test': {'Login': {'username': 17688773923, 'password': '12345678aa'}}, 'prodect': {'Login': {'username': 17688773923, 'password': '12345678aa'}}}
2020-10-29 10:31:50,332 - log.py[line:48] - DEBUG: {'Env': {'Login': {'username': 17688773923, 'password': '12345678aa'}}, 'Test': {'Login': {'username': 17688773923, 'password': '12345678aa'}}, 'prodect': {'Login': {'username': 17688773923, 'password': '12345678aa'}}}
2020-10-29 10:32:11,013 - log.py[line:48] - DEBUG: {'env': {'loginurl': 'http://dev-public.apps.cloud2go.cn/public/ide/web/user/login'}, 'test': {'loginurl': 'http://dev-public.apps.cloud2go.cn/public/ide/web/user/login'}, 'prodect': {'loginurl': 'http://dev-public.apps.cloud2go.cn/public/ide/web/user/login'}}
2020-10-29 10:32:11,018 - log.py[line:48] - DEBUG: {'Env': {'Login': {'username': 17688773923, 'password': '12345678aa'}}, 'Test': {'Login': {'username': 17688773923, 'password': '12345678aa'}}, 'prodect': {'Login': {'username': 17688773923, 'password': '12345678aa'}}}
2020-10-29 10:33:10,226 - log.py[line:48] - DEBUG: D:\hfselemium\data\idea\idea.yaml
2020-10-29 10:33:10,227 - log.py[line:48] - DEBUG: {'env': {'loginurl': 'http://dev-public.apps.cloud2go.cn/public/ide/web/user/login'}, 'test': {'loginurl': 'http://dev-public.apps.cloud2go.cn/public/ide/web/user/login'}, 'prodect': {'loginurl': 'http://dev-public.apps.cloud2go.cn/public/ide/web/user/login'}}
2020-10-29 10:33:10,228 - log.py[line:48] - DEBUG: D:\hfselemium\data\idea\data.yaml
2020-10-29 10:33:10,230 - log.py[line:48] - DEBUG: {'Env': {'Login': {'username': 17688773923, 'password': '12345678aa'}}, 'Test': {'Login': {'username': 17688773923, 'password': '12345678aa'}}, 'prodect': {'Login': {'username': 17688773923, 'password': '12345678aa'}}}
2020-10-29 10:33:47,496 - log.py[line:48] - DEBUG: D:\hfselemium\data\idea\idea.yaml
2020-10-29 10:33:47,500 - log.py[line:48] - DEBUG: {'env': {'loginurl': 'http://dev-public.apps.cloud2go.cn/public/ide/web/user/login'}, 'test': {'loginurl': 'http://dev-public.apps.cloud2go.cn/public/ide/web/user/login'}, 'prodect': {'loginurl': 'http://dev-public.apps.cloud2go.cn/public/ide/web/user/login'}}
2020-10-29 10:33:47,500 - log.py[line:48] - DEBUG: D:\hfselemium\data\idea\data.yaml
2020-10-29 10:33:47,504 - log.py[line:48] - DEBUG: {'env': {'Login': {'username': 17688773923, 'password': '12345678aa'}}, 'test': {'Login': {'username': 17688773923, 'password': '12345678aa'}}, 'prodect': {'Login': {'username': 17688773923, 'password': '12345678aa'}}}
2020-10-29 10:34:41,424 - log.py[line:48] - DEBUG: D:\hfselemium\data\idea\idea.yaml
2020-10-29 10:34:41,427 - log.py[line:48] - DEBUG: {'env': {'loginurl': 'http://dev-public.apps.cloud2go.cn/public/ide/web/user/login'}, 'test': {'loginurl': 'http://dev-public.apps.cloud2go.cn/public/ide/web/user/login'}, 'prodect': {'loginurl': 'http://dev-public.apps.cloud2go.cn/public/ide/web/user/login'}}
2020-10-29 10:34:41,427 - log.py[line:48] - DEBUG: D:\hfselemium\data\idea\data.yaml
2020-10-29 10:34:41,430 - log.py[line:48] - DEBUG: {'env': {'Login': {'username': 17688773923, 'password': '12345678aa'}}, 'test': {'Login': {'username': 17688773923, 'password': '12345678aa'}}, 'prodect': {'Login': {'username': 17688773923, 'password': '12345678aa'}}}
2020-10-29 10:48:34,923 - log.py[line:48] - DEBUG: D:\hfselemium\data\idea\idea.yaml
2020-10-29 10:48:34,925 - log.py[line:48] - DEBUG: {'env': {'loginurl': 'http://dev-public.apps.cloud2go.cn/public/ide/web/user/login'}, 'test': {'loginurl': 'http://dev-public.apps.cloud2go.cn/public/ide/web/user/login'}, 'prodect': {'loginurl': 'http://dev-public.apps.cloud2go.cn/public/ide/web/user/login'}}
2020-10-29 10:48:34,925 - log.py[line:48] - DEBUG: D:\hfselemium\data\idea\data.yaml
2020-10-29 10:48:34,927 - log.py[line:48] - DEBUG: {'env': {'Login': {'username': 17688773923, 'password': '12345678aa'}}, 'test': {'Login': {'username': 17688773923, 'password': '12345678aa'}}, 'prodect': {'Login': {'username': 17688773923, 'password': '12345678aa'}}}
2020-10-29 11:26:04,830 - log.py[line:48] - DEBUG: D:\hfselemium\data\idea\idea.yaml
2020-10-29 11:26:04,833 - log.py[line:48] - DEBUG: {'env': {'loginurl': 'http://dev-public.apps.cloud2go.cn/public/ide/web/user/login'}, 'test': {'loginurl': 'http://dev-public.apps.cloud2go.cn/public/ide/web/user/login'}, 'prodect': {'loginurl': 'http://dev-public.apps.cloud2go.cn/public/ide/web/user/login'}}
2020-10-29 11:26:04,833 - log.py[line:48] - DEBUG: D:\hfselemium\data\idea\data.yaml
2020-10-29 11:26:04,837 - log.py[line:48] - DEBUG: {'env': {'Login': {'username': 17688773923, 'password': '12345678aa'}}, 'test': {'Login': {'username': 17688773923, 'password': '12345678aa'}}, 'prodect': {'Login': {'username': 17688773923, 'password': '12345678aa'}}}
2020-10-29 11:26:16,199 - log.py[line:48] - DEBUG: D:\hfselemium\data\idea\idea.yaml
2020-10-29 11:26:16,202 - log.py[line:48] - DEBUG: {'env': {'loginurl': 'http://dev-public.apps.cloud2go.cn/public/ide/web/user/login'}, 'test': {'loginurl': 'http://dev-public.apps.cloud2go.cn/public/ide/web/user/login'}, 'prodect': {'loginurl': 'http://dev-public.apps.cloud2go.cn/public/ide/web/user/login'}}
2020-10-29 11:26:16,203 - log.py[line:48] - DEBUG: D:\hfselemium\data\idea\data.yaml
2020-10-29 11:26:16,208 - log.py[line:48] - DEBUG: {'env': {'Login': {'username': 17688773923, 'password': '12345678aa'}}, 'test': {'Login': {'username': 17688773923, 'password': '12345678aa'}}, 'prodect': {'Login': {'username': 17688773923, 'password': '12345678aa'}}}
2020-10-29 11:29:31,514 - log.py[line:48] - DEBUG: D:\hfselemium\data\idea\idea.yaml
2020-10-29 11:29:31,517 - log.py[line:48] - DEBUG: {'env': {'loginurl': 'http://dev-public.apps.cloud2go.cn/public/ide/web/user/login'}, 'test': {'loginurl': 'http://dev-public.apps.cloud2go.cn/public/ide/web/user/login'}, 'prodect': {'loginurl': 'http://dev-public.apps.cloud2go.cn/public/ide/web/user/login'}}
2020-10-29 11:29:31,517 - log.py[line:48] - DEBUG: D:\hfselemium\data\idea\data.yaml
2020-10-29 11:29:31,522 - log.py[line:48] - DEBUG: {'env': {'Login': {'username': 17688773923, 'password': '12345678aa'}}, 'test': {'Login': {'username': 17688773923, 'password': '12345678aa'}}, 'prodect': {'Login': {'username': 17688773923, 'password': '12345678aa'}}}
2020-10-29 11:29:43,096 - log.py[line:48] - DEBUG: D:\hfselemium\data\idea\idea.yaml
2020-10-29 11:29:43,097 - log.py[line:48] - DEBUG: {'env': {'loginurl': 'http://dev-public.apps.cloud2go.cn/public/ide/web/user/login'}, 'test': {'loginurl': 'http://dev-public.apps.cloud2go.cn/public/ide/web/user/login'}, 'prodect': {'loginurl': 'http://dev-public.apps.cloud2go.cn/public/ide/web/user/login'}}
2020-10-29 11:29:43,098 - log.py[line:48] - DEBUG: D:\hfselemium\data\idea\data.yaml
2020-10-29 11:29:43,101 - log.py[line:48] - DEBUG: {'env': {'Login': {'username': 17688773923, 'password': '12345678aa'}}, 'test': {'Login': {'username': 17688773923, 'password': '12345678aa'}}, 'prodect': {'Login': {'username': 17688773923, 'password': '12345678aa'}}}
2020-10-29 11:30:17,510 - log.py[line:48] - DEBUG: D:\hfselemium\data\idea\idea.yaml
2020-10-29 11:30:17,513 - log.py[line:48] - DEBUG: {'env': {'loginurl': 'http://dev-public.apps.cloud2go.cn/public/ide/web/user/login'}, 'test': {'loginurl': 'http://dev-public.apps.cloud2go.cn/public/ide/web/user/login'}, 'prodect': {'loginurl': 'http://dev-public.apps.cloud2go.cn/public/ide/web/user/login'}}
2020-10-29 11:30:17,513 - log.py[line:48] - DEBUG: D:\hfselemium\data\idea\data.yaml
2020-10-29 11:30:17,518 - log.py[line:48] - DEBUG: {'env': {'Login': {'username': 17688773923, 'password': '12345678aa'}}, 'test': {'Login': {'username': 17688773923, 'password': '12345678aa'}}, 'prodect': {'Login': {'username': 17688773923, 'password': '12345678aa'}}}
2020-10-29 11:36:32,153 - log.py[line:48] - DEBUG: D:\hfselemium\data\idea\idea.yaml
2020-10-29 11:36:32,157 - log.py[line:48] - DEBUG: {'env': {'loginurl': 'http://dev-public.apps.cloud2go.cn/public/ide/web/user/login'}, 'test': {'loginurl': 'http://dev-public.apps.cloud2go.cn/public/ide/web/user/login'}, 'prodect': {'loginurl': 'http://dev-public.apps.cloud2go.cn/public/ide/web/user/login'}}
2020-10-29 11:36:32,158 - log.py[line:48] - DEBUG: D:\hfselemium\data\idea\data.yaml
2020-10-29 11:36:32,165 - log.py[line:48] - DEBUG: {'env': {'Login': {'username': 17688773923, 'password': '12345678aa'}}, 'test': {'Login': {'username': 17688773923, 'password': '12345678aa'}}, 'prodect': {'Login': {'username': 17688773923, 'password': '12345678aa'}}}
2020-10-29 11:36:44,397 - log.py[line:48] - DEBUG: D:\hfselemium\data\idea\idea.yaml
2020-10-29 11:36:44,401 - log.py[line:48] - DEBUG: {'env': {'loginurl': 'http://dev-public.apps.cloud2go.cn/public/ide/web/user/login'}, 'test': {'loginurl': 'http://dev-public.apps.cloud2go.cn/public/ide/web/user/login'}, 'prodect': {'loginurl': 'http://dev-public.apps.cloud2go.cn/public/ide/web/user/login'}}
2020-10-29 11:36:44,402 - log.py[line:48] - DEBUG: D:\hfselemium\data\idea\data.yaml
2020-10-29 11:36:44,406 - log.py[line:48] - DEBUG: {'env': {'Login': {'username': 17688773923, 'password': '12345678aa'}}, 'test': {'Login': {'username': 17688773923, 'password': '12345678aa'}}, 'prodect': {'Login': {'username': 17688773923, 'password': '12345678aa'}}}
2020-10-29 11:37:03,740 - log.py[line:48] - DEBUG: D:\hfselemium\data\idea\idea.yaml
2020-10-29 11:37:03,742 - log.py[line:48] - DEBUG: {'env': {'loginurl': 'http://dev-public.apps.cloud2go.cn/public/ide/web/user/login'}, 'test': {'loginurl': 'http://dev-public.apps.cloud2go.cn/public/ide/web/user/login'}, 'prodect': {'loginurl': 'http://dev-public.apps.cloud2go.cn/public/ide/web/user/login'}}
2020-10-29 11:37:03,743 - log.py[line:48] - DEBUG: D:\hfselemium\data\idea\data.yaml
2020-10-29 11:37:03,747 - log.py[line:48] - DEBUG: {'env': {'Login': {'username': 17688773923, 'password': '12345678aa'}}, 'test': {'Login': {'username': 17688773923, 'password': '12345678aa'}}, 'prodect': {'Login': {'username': 17688773923, 'password': '12345678aa'}}}
2020-10-29 11:53:45,526 - log.py[line:48] - DEBUG: D:\hfselemium\data\idea\idea.yaml
2020-10-29 11:53:45,529 - log.py[line:48] - DEBUG: {'env': {'loginurl': 'http://dev-public.apps.cloud2go.cn/public/ide/web/user/login'}, 'test': {'loginurl': 'http://dev-public.apps.cloud2go.cn/public/ide/web/user/login'}, 'prodect': {'loginurl': 'http://dev-public.apps.cloud2go.cn/public/ide/web/user/login'}}
2020-10-29 11:53:45,529 - log.py[line:48] - DEBUG: D:\hfselemium\data\idea\data.yaml
2020-10-29 11:53:45,531 - log.py[line:48] - DEBUG: {'env': {'Login': {'username': 17688773923, 'password': '12345678aa'}}, 'test': {'Login': {'username': 17688773923, 'password': '12345678aa'}}, 'prodect': {'Login': {'username': 17688773923, 'password': '12345678aa'}}}
2020-10-29 11:53:55,460 - log.py[line:48] - DEBUG: D:\hfselemium\data\idea\idea.yaml
2020-10-29 11:53:55,462 - log.py[line:48] - DEBUG: {'env': {'loginurl': 'http://dev-public.apps.cloud2go.cn/public/ide/web/user/login'}, 'test': {'loginurl': 'http://dev-public.apps.cloud2go.cn/public/ide/web/user/login'}, 'prodect': {'loginurl': 'http://dev-public.apps.cloud2go.cn/public/ide/web/user/login'}}
2020-10-29 11:53:55,462 - log.py[line:48] - DEBUG: D:\hfselemium\data\idea\data.yaml
2020-10-29 11:53:55,465 - log.py[line:48] - DEBUG: {'env': {'Login': {'username': 17688773923, 'password': '12345678aa'}}, 'test': {'Login': {'username': 17688773923, 'password': '12345678aa'}}, 'prodect': {'Login': {'username': 17688773923, 'password': '12345678aa'}}}
2020-10-29 11:55:22,656 - log.py[line:48] - DEBUG: D:\hfselemium\data\idea\idea.yaml
2020-10-29 11:55:22,658 - log.py[line:48] - DEBUG: {'env': {'loginurl': 'http://dev-public.apps.cloud2go.cn/public/ide/web/user/login'}, 'test': {'loginurl': 'http://dev-public.apps.cloud2go.cn/public/ide/web/user/login'}, 'prodect': {'loginurl': 'http://dev-public.apps.cloud2go.cn/public/ide/web/user/login'}}
2020-10-29 11:55:22,658 - log.py[line:48] - DEBUG: D:\hfselemium\data\idea\data.yaml
2020-10-29 11:55:22,661 - log.py[line:48] - DEBUG: {'env': {'Login': {'username': 17688773923, 'password': '12345678aa'}}, 'test': {'Login': {'username': 17688773923, 'password': '12345678aa'}}, 'prodect': {'Login': {'username': 17688773923, 'password': '12345678aa'}}}
2020-10-29 11:56:02,099 - log.py[line:48] - DEBUG: D:\hfselemium\data\idea\idea.yaml
2020-10-29 11:56:02,102 - log.py[line:48] - DEBUG: {'env': {'loginurl': 'http://dev-public.apps.cloud2go.cn/public/ide/web/user/login'}, 'test': {'loginurl': 'http://dev-public.apps.cloud2go.cn/public/ide/web/user/login'}, 'prodect': {'loginurl': 'http://dev-public.apps.cloud2go.cn/public/ide/web/user/login'}}
2020-10-29 11:56:02,102 - log.py[line:48] - DEBUG: D:\hfselemium\data\idea\data.yaml
2020-10-29 11:56:02,105 - log.py[line:48] - DEBUG: {'env': {'Login': {'username': 17688773923, 'password': '12345678aa'}}, 'test': {'Login': {'username': 17688773923, 'password': '12345678aa'}}, 'prodect': {'Login': {'username': 17688773923, 'password': '12345678aa'}}}
2020-10-29 11:56:12,099 - log.py[line:48] - DEBUG: D:\hfselemium\data\idea\idea.yaml
2020-10-29 11:56:12,102 - log.py[line:48] - DEBUG: {'env': {'loginurl': 'http://dev-public.apps.cloud2go.cn/public/ide/web/user/login'}, 'test': {'loginurl': 'http://dev-public.apps.cloud2go.cn/public/ide/web/user/login'}, 'prodect': {'loginurl': 'http://dev-public.apps.cloud2go.cn/public/ide/web/user/login'}}
2020-10-29 11:56:12,102 - log.py[line:48] - DEBUG: D:\hfselemium\data\idea\data.yaml
2020-10-29 11:56:12,106 - log.py[line:48] - DEBUG: {'env': {'Login': {'username': 17688773923, 'password': '12345678aa'}}, 'test': {'Login': {'username': 17688773923, 'password': '12345678aa'}}, 'prodect': {'Login': {'username': 17688773923, 'password': '12345678aa'}}}
2020-10-29 11:56:26,822 - log.py[line:48] - DEBUG: D:\hfselemium\data\idea\idea.yaml
2020-10-29 11:56:26,827 - log.py[line:48] - DEBUG: {'env': {'loginurl': 'http://dev-public.apps.cloud2go.cn/public/ide/web/user/login'}, 'test': {'loginurl': 'http://dev-public.apps.cloud2go.cn/public/ide/web/user/login'}, 'prodect': {'loginurl': 'http://dev-public.apps.cloud2go.cn/public/ide/web/user/login'}}
2020-10-29 11:56:26,827 - log.py[line:48] - DEBUG: D:\hfselemium\data\idea\data.yaml
2020-10-29 11:56:26,830 - log.py[line:48] - DEBUG: {'env': {'Login': {'username': 17688773923, 'password': '12345678aa'}}, 'test': {'Login': {'username': 17688773923, 'password': '12345678aa'}}, 'prodect': {'Login': {'username': 17688773923, 'password': '12345678aa'}}}
2020-10-29 11:56:59,336 - log.py[line:48] - DEBUG: D:\hfselemium\data\idea\idea.yaml
2020-10-29 11:56:59,339 - log.py[line:48] - DEBUG: {'env': {'loginurl': 'http://dev-public.apps.cloud2go.cn/public/ide/web/user/login'}, 'test': {'loginurl': 'http://dev-public.apps.cloud2go.cn/public/ide/web/user/login'}, 'prodect': {'loginurl': 'http://dev-public.apps.cloud2go.cn/public/ide/web/user/login'}}
2020-10-29 11:56:59,340 - log.py[line:48] - DEBUG: D:\hfselemium\data\idea\data.yaml
2020-10-29 11:56:59,343 - log.py[line:48] - DEBUG: {'env': {'Login': {'username': 17688773923, 'password': '12345678aa'}}, 'test': {'Login': {'username': 17688773923, 'password': '12345678aa'}}, 'prodect': {'Login': {'username': 17688773923, 'password': '12345678aa'}}}
2020-10-29 11:57:11,756 - log.py[line:48] - DEBUG: D:\hfselemium\data\idea\idea.yaml
2020-10-29 11:57:11,758 - log.py[line:48] - DEBUG: {'env': {'loginurl': 'http://dev-public.apps.cloud2go.cn/public/ide/web/user/login'}, 'test': {'loginurl': 'http://dev-public.apps.cloud2go.cn/public/ide/web/user/login'}, 'prodect': {'loginurl': 'http://dev-public.apps.cloud2go.cn/public/ide/web/user/login'}}
2020-10-29 11:57:11,758 - log.py[line:48] - DEBUG: D:\hfselemium\data\idea\data.yaml
2020-10-29 11:57:11,761 - log.py[line:48] - DEBUG: {'env': {'Login': {'username': 17688773923, 'password': '12345678aa'}}, 'test': {'Login': {'username': 17688773923, 'password': '12345678aa'}}, 'prodect': {'Login': {'username': 17688773923, 'password': '12345678aa'}}}
2020-10-29 11:57:26,238 - log.py[line:48] - DEBUG: D:\hfselemium\data\idea\idea.yaml
2020-10-29 11:57:26,240 - log.py[line:48] - DEBUG: {'env': {'loginurl': 'http://dev-public.apps.cloud2go.cn/public/ide/web/user/login'}, 'test': {'loginurl': 'http://dev-public.apps.cloud2go.cn/public/ide/web/user/login'}, 'prodect': {'loginurl': 'http://dev-public.apps.cloud2go.cn/public/ide/web/user/login'}}
2020-10-29 11:57:26,240 - log.py[line:48] - DEBUG: D:\hfselemium\data\idea\data.yaml
2020-10-29 11:57:26,245 - log.py[line:48] - DEBUG: {'env': {'Login': {'username': 17688773923, 'password': '12345678aa'}}, 'test': {'Login': {'username': 17688773923, 'password': '12345678aa'}}, 'prodect': {'Login': {'username': 17688773923, 'password': '12345678aa'}}}
2020-10-29 11:58:09,719 - log.py[line:48] - DEBUG: D:\hfselemium\data\idea\idea.yaml
2020-10-29 11:58:09,721 - log.py[line:48] - DEBUG: {'env': {'loginurl': 'http://dev-public.apps.cloud2go.cn/public/ide/web/user/login'}, 'test': {'loginurl': 'http://dev-public.apps.cloud2go.cn/public/ide/web/user/login'}, 'prodect': {'loginurl': 'http://dev-public.apps.cloud2go.cn/public/ide/web/user/login'}}
2020-10-29 11:58:09,722 - log.py[line:48] - DEBUG: D:\hfselemium\data\idea\data.yaml
2020-10-29 11:58:09,724 - log.py[line:48] - DEBUG: {'env': {'Login': {'username': 17688773923, 'password': '12345678aa'}}, 'test': {'Login': {'username': 17688773923, 'password': '12345678aa'}}, 'prodect': {'Login': {'username': 17688773923, 'password': '12345678aa'}}}
2020-10-29 11:58:19,023 - log.py[line:48] - DEBUG: D:\hfselemium\data\idea\idea.yaml
2020-10-29 11:58:19,026 - log.py[line:48] - DEBUG: {'env': {'loginurl': 'http://dev-public.apps.cloud2go.cn/public/ide/web/user/login'}, 'test': {'loginurl': 'http://dev-public.apps.cloud2go.cn/public/ide/web/user/login'}, 'prodect': {'loginurl': 'http://dev-public.apps.cloud2go.cn/public/ide/web/user/login'}}
2020-10-29 11:58:19,027 - log.py[line:48] - DEBUG: D:\hfselemium\data\idea\data.yaml
2020-10-29 11:58:19,031 - log.py[line:48] - DEBUG: {'env': {'Login': {'username': 17688773923, 'password': '12345678aa'}}, 'test': {'Login': {'username': 17688773923, 'password': '12345678aa'}}, 'prodect': {'Login': {'username': 17688773923, 'password': '12345678aa'}}}
2020-10-29 11:58:32,655 - log.py[line:48] - DEBUG: D:\hfselemium\data\idea\idea.yaml
2020-10-29 11:58:32,656 - log.py[line:48] - DEBUG: {'env': {'loginurl': 'http://dev-public.apps.cloud2go.cn/public/ide/web/user/login'}, 'test': {'loginurl': 'http://dev-public.apps.cloud2go.cn/public/ide/web/user/login'}, 'prodect': {'loginurl': 'http://dev-public.apps.cloud2go.cn/public/ide/web/user/login'}}
2020-10-29 11:58:32,657 - log.py[line:48] - DEBUG: D:\hfselemium\data\idea\data.yaml
2020-10-29 11:58:32,659 - log.py[line:48] - DEBUG: {'env': {'Login': {'username': 17688773923, 'password': '12345678aa'}}, 'test': {'Login': {'username': 17688773923, 'password': '12345678aa'}}, 'prodect': {'Login': {'username': 17688773923, 'password': '12345678aa'}}}
2020-10-29 12:03:31,645 - log.py[line:48] - DEBUG: D:\hfselemium\data\idea\idea.yaml
2020-10-29 12:03:31,648 - log.py[line:48] - DEBUG: {'env': {'loginurl': 'http://dev-public.apps.cloud2go.cn/public/ide/web/user/login'}, 'test': {'loginurl': 'http://dev-public.apps.cloud2go.cn/public/ide/web/user/login'}, 'prodect': {'loginurl': 'http://dev-public.apps.cloud2go.cn/public/ide/web/user/login'}}
2020-10-29 12:03:31,649 - log.py[line:48] - DEBUG: D:\hfselemium\data\idea\data.yaml
2020-10-29 12:03:31,652 - log.py[line:48] - DEBUG: {'env': {'Login': {'username': 17688773923, 'password': '12345678aa'}}, 'test': {'Login': {'username': 17688773923, 'password': '12345678aa'}}, 'prodect': {'Login': {'username': 17688773923, 'password': '12345678aa'}}}
2020-10-29 12:03:41,769 - log.py[line:48] - DEBUG: D:\hfselemium\data\idea\idea.yaml
2020-10-29 12:03:41,773 - log.py[line:48] - DEBUG: {'env': {'loginurl': 'http://dev-public.apps.cloud2go.cn/public/ide/web/user/login'}, 'test': {'loginurl': 'http://dev-public.apps.cloud2go.cn/public/ide/web/user/login'}, 'prodect': {'loginurl': 'http://dev-public.apps.cloud2go.cn/public/ide/web/user/login'}}
2020-10-29 12:03:41,773 - log.py[line:48] - DEBUG: D:\hfselemium\data\idea\data.yaml
2020-10-29 12:03:41,778 - log.py[line:48] - DEBUG: {'env': {'Login': {'username': 17688773923, 'password': '12345678aa'}}, 'test': {'Login': {'username': 17688773923, 'password': '12345678aa'}}, 'prodect': {'Login': {'username': 17688773923, 'password': '12345678aa'}}}
2020-10-29 12:03:57,197 - log.py[line:48] - DEBUG: D:\hfselemium\data\idea\idea.yaml
2020-10-29 12:03:57,201 - log.py[line:48] - DEBUG: {'env': {'loginurl': 'http://dev-public.apps.cloud2go.cn/public/ide/web/user/login'}, 'test': {'loginurl': 'http://dev-public.apps.cloud2go.cn/public/ide/web/user/login'}, 'prodect': {'loginurl': 'http://dev-public.apps.cloud2go.cn/public/ide/web/user/login'}}
2020-10-29 12:03:57,202 - log.py[line:48] - DEBUG: D:\hfselemium\data\idea\data.yaml
2020-10-29 12:03:57,207 - log.py[line:48] - DEBUG: {'env': {'Login': {'username': 17688773923, 'password': '12345678aa'}}, 'test': {'Login': {'username': 17688773923, 'password': '12345678aa'}}, 'prodect': {'Login': {'username': 17688773923, 'password': '12345678aa'}}}
2020-10-29 12:04:56,142 - log.py[line:48] - DEBUG: D:\hfselemium\data\idea\idea.yaml
2020-10-29 12:04:56,144 - log.py[line:48] - DEBUG: {'env': {'loginurl': 'http://dev-public.apps.cloud2go.cn/public/ide/web/user/login'}, 'test': {'loginurl': 'http://dev-public.apps.cloud2go.cn/public/ide/web/user/login'}, 'prodect': {'loginurl': 'http://dev-public.apps.cloud2go.cn/public/ide/web/user/login'}}
2020-10-29 12:04:56,144 - log.py[line:48] - DEBUG: D:\hfselemium\data\idea\data.yaml
2020-10-29 12:04:56,149 - log.py[line:48] - DEBUG: {'env': {'Login': {'username': 17688773923, 'password': '12345678aa'}}, 'test': {'Login': {'username': 17688773923, 'password': '12345678aa'}}, 'prodect': {'Login': {'username': 17688773923, 'password': '12345678aa'}}}
2020-10-29 12:05:05,785 - log.py[line:48] - DEBUG: D:\hfselemium\data\idea\idea.yaml
2020-10-29 12:05:05,787 - log.py[line:48] - DEBUG: {'env': {'loginurl': 'http://dev-public.apps.cloud2go.cn/public/ide/web/user/login'}, 'test': {'loginurl': 'http://dev-public.apps.cloud2go.cn/public/ide/web/user/login'}, 'prodect': {'loginurl': 'http://dev-public.apps.cloud2go.cn/public/ide/web/user/login'}}
2020-10-29 12:05:05,787 - log.py[line:48] - DEBUG: D:\hfselemium\data\idea\data.yaml
2020-10-29 12:05:05,792 - log.py[line:48] - DEBUG: {'env': {'Login': {'username': 17688773923, 'password': '12345678aa'}}, 'test': {'Login': {'username': 17688773923, 'password': '12345678aa'}}, 'prodect': {'Login': {'username': 17688773923, 'password': '12345678aa'}}}
2020-10-29 12:05:19,011 - log.py[line:48] - DEBUG: D:\hfselemium\data\idea\idea.yaml
2020-10-29 12:05:19,013 - log.py[line:48] - DEBUG: {'env': {'loginurl': 'http://dev-public.apps.cloud2go.cn/public/ide/web/user/login'}, 'test': {'loginurl': 'http://dev-public.apps.cloud2go.cn/public/ide/web/user/login'}, 'prodect': {'loginurl': 'http://dev-public.apps.cloud2go.cn/public/ide/web/user/login'}}
2020-10-29 12:05:19,013 - log.py[line:48] - DEBUG: D:\hfselemium\data\idea\data.yaml
2020-10-29 12:05:19,016 - log.py[line:48] - DEBUG: {'env': {'Login': {'username': 17688773923, 'password': '12345678aa'}}, 'test': {'Login': {'username': 17688773923, 'password': '12345678aa'}}, 'prodect': {'Login': {'username': 17688773923, 'password': '12345678aa'}}}
2020-10-29 12:08:27,309 - log.py[line:48] - DEBUG: D:\hfselemium\data\idea\idea.yaml
2020-10-29 12:08:27,313 - log.py[line:48] - DEBUG: {'env': {'loginurl': 'http://dev-public.apps.cloud2go.cn/public/ide/web/user/login'}, 'test': {'loginurl': 'http://dev-public.apps.cloud2go.cn/public/ide/web/user/login'}, 'prodect': {'loginurl': 'http://dev-public.apps.cloud2go.cn/public/ide/web/user/login'}}
2020-10-29 12:08:27,313 - log.py[line:48] - DEBUG: D:\hfselemium\data\idea\data.yaml
2020-10-29 12:08:27,316 - log.py[line:48] - DEBUG: {'env': {'Login': {'username': 17688773923, 'password': '12345678aa'}}, 'test': {'Login': {'username': 17688773923, 'password': '12345678aa'}}, 'prodect': {'Login': {'username': 17688773923, 'password': '12345678aa'}}}
2020-10-29 12:08:37,437 - log.py[line:48] - DEBUG: D:\hfselemium\data\idea\idea.yaml
2020-10-29 12:08:37,439 - log.py[line:48] - DEBUG: {'env': {'loginurl': 'http://dev-public.apps.cloud2go.cn/public/ide/web/user/login'}, 'test': {'loginurl': 'http://dev-public.apps.cloud2go.cn/public/ide/web/user/login'}, 'prodect': {'loginurl': 'http://dev-public.apps.cloud2go.cn/public/ide/web/user/login'}}
2020-10-29 12:08:37,439 - log.py[line:48] - DEBUG: D:\hfselemium\data\idea\data.yaml
2020-10-29 12:08:37,441 - log.py[line:48] - DEBUG: {'env': {'Login': {'username': 17688773923, 'password': '12345678aa'}}, 'test': {'Login': {'username': 17688773923, 'password': '12345678aa'}}, 'prodect': {'Login': {'username': 17688773923, 'password': '12345678aa'}}}
2020-10-29 12:08:51,312 - log.py[line:48] - DEBUG: D:\hfselemium\data\idea\idea.yaml
2020-10-29 12:08:51,314 - log.py[line:48] - DEBUG: {'env': {'loginurl': 'http://dev-public.apps.cloud2go.cn/public/ide/web/user/login'}, 'test': {'loginurl': 'http://dev-public.apps.cloud2go.cn/public/ide/web/user/login'}, 'prodect': {'loginurl': 'http://dev-public.apps.cloud2go.cn/public/ide/web/user/login'}}
2020-10-29 12:08:51,314 - log.py[line:48] - DEBUG: D:\hfselemium\data\idea\data.yaml
2020-10-29 12:08:51,319 - log.py[line:48] - DEBUG: {'env': {'Login': {'username': 17688773923, 'password': '12345678aa'}}, 'test': {'Login': {'username': 17688773923, 'password': '12345678aa'}}, 'prodect': {'Login': {'username': 17688773923, 'password': '12345678aa'}}}
