2020-10-28 20:05:14,363 - log.py[line:48] - DEBUG: {'env': {'Idea': 'loginurl:http://dev-public.apps.cloud2go.cn/public/ide/web/user/login'}, 'test': {'Idea': 'loginurl:http://dev-public.apps.cloud2go.cn/public/ide/web/user/login'}, 'prodect': {'Idea': 'loginurl:http://dev-public.apps.cloud2go.cn/public/ide/web/user/login'}}
2020-10-28 20:17:13,094 - log.py[line:48] - DEBUG: {'env': {'Idea': 'loginurl:http://dev-public.apps.cloud2go.cn/public/ide/web/user/login'}, 'test': {'Idea': 'loginurl:http://dev-public.apps.cloud2go.cn/public/ide/web/user/login'}, 'prodect': {'Idea': 'loginurl:http://dev-public.apps.cloud2go.cn/public/ide/web/user/login'}}
2020-10-28 20:17:42,737 - log.py[line:48] - DEBUG: {'env': 'loginurl:http://dev-public.apps.cloud2go.cn/public/ide/web/user/login', 'test': 'loginurl:http://dev-public.apps.cloud2go.cn/public/ide/web/user/login', 'prodect': 'loginurl:http://dev-public.apps.cloud2go.cn/public/ide/web/user/login'}
2020-10-28 20:25:16,890 - log.py[line:48] - DEBUG: {'env': 'loginurl:http://dev-public.apps.cloud2go.cn/public/ide/web/user/login', 'test': 'loginurl:http://dev-public.apps.cloud2go.cn/public/ide/web/user/login', 'prodect': 'loginurl:http://dev-public.apps.cloud2go.cn/public/ide/web/user/login'}
2020-10-28 20:25:39,542 - log.py[line:48] - DEBUG: {'env': 'loginurl:http://dev-public.apps.cloud2go.cn/public/ide/web/user/login', 'test': 'loginurl:http://dev-public.apps.cloud2go.cn/public/ide/web/user/login', 'prodect': 'loginurl:http://dev-public.apps.cloud2go.cn/public/ide/web/user/login'}
2020-10-28 20:27:58,975 - log.py[line:48] - DEBUG: {'test': {'login': 'a:6'}}
2020-10-28 20:28:29,504 - log.py[line:48] - DEBUG: {'test': {'login': 'a:#rc-tabs-2-tab-login'}}
2020-10-28 20:28:48,577 - log.py[line:48] - DEBUG: {'test': {'login': 'loginswitch:#rc-tabs-2-tab-login'}}
2020-10-28 20:29:17,058 - log.py[line:48] - DEBUG: {'test': {'login': 'loginswitch:#rc-tabs-2-tab-login'}}
2020-10-28 20:30:12,295 - log.py[line:48] - DEBUG: {'test': {'login': {'loginswitch': None, 'username': None}}}
2020-10-28 20:30:56,477 - log.py[line:48] - DEBUG: {'test': {'Login': {'loginswitch': None, 'username': None, 'password': None, 'loginbt': '.ant-btn-block'}}, 'prodect': {'Login': {'loginswitch': None, 'username': None, 'password': None, 'loginbt': '.ant-btn-block'}}}
2020-10-28 20:48:05,128 - log.py[line:48] - DEBUG: {'env': {'loginurl': 'http://dev-public.apps.cloud2go.cn/public/ide/web/user/login'}, 'test': {'loginurl': 'http://dev-public.apps.cloud2go.cn/public/ide/web/user/login'}, 'prodect': {'loginurl': 'http://dev-public.apps.cloud2go.cn/public/ide/web/user/login'}}
2020-10-28 20:48:31,665 - log.py[line:48] - DEBUG: {'env': {'loginurl': 'http://dev-public.apps.cloud2go.cn/public/ide/web/user/login'}, 'test': {'loginurl': 'http://dev-public.apps.cloud2go.cn/public/ide/web/user/login'}, 'prodect': {'loginurl': 'http://dev-public.apps.cloud2go.cn/public/ide/web/user/login'}}
2020-10-28 20:48:58,201 - log.py[line:48] - DEBUG: {'env': {'loginurl': 'http://dev-public.apps.cloud2go.cn/public/ide/web/user/login'}, 'test': {'loginurl': 'http://dev-public.apps.cloud2go.cn/public/ide/web/user/login'}, 'prodect': {'loginurl': 'http://dev-public.apps.cloud2go.cn/public/ide/web/user/login'}}
2020-10-28 20:48:58,206 - log.py[line:48] - DEBUG: {'Env': {'Login': {'username': 17688773923, 'password': '12345678aa'}}, 'Test': {'Login': {'username': 17688773923, 'password': '12345678aa'}}, 'prodect': {'Login': {'username': 17688773923, 'password': '12345678aa'}}}
2020-10-28 20:50:02,018 - log.py[line:48] - DEBUG: {'env': {'loginurl': 'http://dev-public.apps.cloud2go.cn/public/ide/web/user/login'}, 'test': {'loginurl': 'http://dev-public.apps.cloud2go.cn/public/ide/web/user/login'}, 'prodect': {'loginurl': 'http://dev-public.apps.cloud2go.cn/public/ide/web/user/login'}}
2020-10-28 20:50:02,022 - log.py[line:48] - DEBUG: {'Env': {'Login': {'username': 17688773923, 'password': '12345678aa'}}, 'Test': {'Login': {'username': 17688773923, 'password': '12345678aa'}}, 'prodect': {'Login': {'username': 17688773923, 'password': '12345678aa'}}}
2020-10-28 20:50:36,513 - log.py[line:48] - DEBUG: {'env': {'loginurl': 'http://dev-public.apps.cloud2go.cn/public/ide/web/user/login'}, 'test': {'loginurl': 'http://dev-public.apps.cloud2go.cn/public/ide/web/user/login'}, 'prodect': {'loginurl': 'http://dev-public.apps.cloud2go.cn/public/ide/web/user/login'}}
2020-10-28 20:50:36,517 - log.py[line:48] - DEBUG: {'Env': {'Login': {'username': 17688773923, 'password': '12345678aa'}}, 'Test': {'Login': {'username': 17688773923, 'password': '12345678aa'}}, 'prodect': {'Login': {'username': 17688773923, 'password': '12345678aa'}}}
2020-10-28 20:51:41,679 - log.py[line:48] - DEBUG: {'env': {'loginurl': 'http://dev-public.apps.cloud2go.cn/public/ide/web/user/login'}, 'test': {'loginurl': 'http://dev-public.apps.cloud2go.cn/public/ide/web/user/login'}, 'prodect': {'loginurl': 'http://dev-public.apps.cloud2go.cn/public/ide/web/user/login'}}
2020-10-28 20:51:41,683 - log.py[line:48] - DEBUG: {'Env': {'Login': {'username': 17688773923, 'password': '12345678aa'}}, 'Test': {'Login': {'username': 17688773923, 'password': '12345678aa'}}, 'prodect': {'Login': {'username': 17688773923, 'password': '12345678aa'}}}
2020-10-28 20:52:10,273 - log.py[line:48] - DEBUG: {'env': {'loginurl': 'http://dev-public.apps.cloud2go.cn/public/ide/web/user/login'}, 'test': {'loginurl': 'http://dev-public.apps.cloud2go.cn/public/ide/web/user/login'}, 'prodect': {'loginurl': 'http://dev-public.apps.cloud2go.cn/public/ide/web/user/login'}}
2020-10-28 20:52:10,278 - log.py[line:48] - DEBUG: {'Env': {'Login': {'username': 17688773923, 'password': '12345678aa'}}, 'Test': {'Login': {'username': 17688773923, 'password': '12345678aa'}}, 'prodect': {'Login': {'username': 17688773923, 'password': '12345678aa'}}}
2020-10-28 20:53:19,763 - log.py[line:48] - DEBUG: {'env': {'loginurl': 'http://dev-public.apps.cloud2go.cn/public/ide/web/user/login'}, 'test': {'loginurl': 'http://dev-public.apps.cloud2go.cn/public/ide/web/user/login'}, 'prodect': {'loginurl': 'http://dev-public.apps.cloud2go.cn/public/ide/web/user/login'}}
2020-10-28 20:53:19,766 - log.py[line:48] - DEBUG: {'Env': {'Login': {'username': 17688773923, 'password': '12345678aa'}}, 'Test': {'Login': {'username': 17688773923, 'password': '12345678aa'}}, 'prodect': {'Login': {'username': 17688773923, 'password': '12345678aa'}}}
2020-10-28 20:54:06,636 - log.py[line:48] - DEBUG: {'env': {'loginurl': 'http://dev-public.apps.cloud2go.cn/public/ide/web/user/login'}, 'test': {'loginurl': 'http://dev-public.apps.cloud2go.cn/public/ide/web/user/login'}, 'prodect': {'loginurl': 'http://dev-public.apps.cloud2go.cn/public/ide/web/user/login'}}
2020-10-28 20:54:06,660 - log.py[line:48] - DEBUG: {'Env': {'Login': {'username': 17688773923, 'password': '12345678aa'}}, 'Test': {'Login': {'username': 17688773923, 'password': '12345678aa'}}, 'prodect': {'Login': {'username': 17688773923, 'password': '12345678aa'}}}
2020-10-28 20:59:56,339 - log.py[line:48] - DEBUG: {'env': {'loginurl': 'http://dev-public.apps.cloud2go.cn/public/ide/web/user/login'}, 'test': {'loginurl': 'http://dev-public.apps.cloud2go.cn/public/ide/web/user/login'}, 'prodect': {'loginurl': 'http://dev-public.apps.cloud2go.cn/public/ide/web/user/login'}}
2020-10-28 20:59:56,342 - log.py[line:48] - DEBUG: {'Env': {'Login': {'username': 17688773923, 'password': '12345678aa'}}, 'Test': {'Login': {'username': 17688773923, 'password': '12345678aa'}}, 'prodect': {'Login': {'username': 17688773923, 'password': '12345678aa'}}}
2020-10-28 21:00:55,949 - log.py[line:48] - DEBUG: {'env': {'loginurl': 'http://dev-public.apps.cloud2go.cn/public/ide/web/user/login'}, 'test': {'loginurl': 'http://dev-public.apps.cloud2go.cn/public/ide/web/user/login'}, 'prodect': {'loginurl': 'http://dev-public.apps.cloud2go.cn/public/ide/web/user/login'}}
2020-10-28 21:00:55,952 - log.py[line:48] - DEBUG: {'Env': {'Login': {'username': 17688773923, 'password': '12345678aa'}}, 'Test': {'Login': {'username': 17688773923, 'password': '12345678aa'}}, 'prodect': {'Login': {'username': 17688773923, 'password': '12345678aa'}}}
2020-10-28 21:02:04,276 - log.py[line:48] - DEBUG: {'env': {'loginurl': 'http://dev-public.apps.cloud2go.cn/public/ide/web/user/login'}, 'test': {'loginurl': 'http://dev-public.apps.cloud2go.cn/public/ide/web/user/login'}, 'prodect': {'loginurl': 'http://dev-public.apps.cloud2go.cn/public/ide/web/user/login'}}
2020-10-28 21:02:04,278 - log.py[line:48] - DEBUG: {'Env': {'Login': {'username': 17688773923, 'password': '12345678aa'}}, 'Test': {'Login': {'username': 17688773923, 'password': '12345678aa'}}, 'prodect': {'Login': {'username': 17688773923, 'password': '12345678aa'}}}
2020-10-28 21:03:38,300 - log.py[line:48] - DEBUG: {'env': {'loginurl': 'http://dev-public.apps.cloud2go.cn/public/ide/web/user/login'}, 'test': {'loginurl': 'http://dev-public.apps.cloud2go.cn/public/ide/web/user/login'}, 'prodect': {'loginurl': 'http://dev-public.apps.cloud2go.cn/public/ide/web/user/login'}}
2020-10-28 21:03:38,303 - log.py[line:48] - DEBUG: {'Env': {'Login': {'username': 17688773923, 'password': '12345678aa'}}, 'Test': {'Login': {'username': 17688773923, 'password': '12345678aa'}}, 'prodect': {'Login': {'username': 17688773923, 'password': '12345678aa'}}}
2020-10-28 21:05:10,991 - log.py[line:48] - DEBUG: {'env': {'loginurl': 'http://dev-public.apps.cloud2go.cn/public/ide/web/user/login'}, 'test': {'loginurl': 'http://dev-public.apps.cloud2go.cn/public/ide/web/user/login'}, 'prodect': {'loginurl': 'http://dev-public.apps.cloud2go.cn/public/ide/web/user/login'}}
2020-10-28 21:05:10,993 - log.py[line:48] - DEBUG: {'Env': {'Login': {'username': 17688773923, 'password': '12345678aa'}}, 'Test': {'Login': {'username': 17688773923, 'password': '12345678aa'}}, 'prodect': {'Login': {'username': 17688773923, 'password': '12345678aa'}}}
2020-10-28 21:06:24,980 - log.py[line:48] - DEBUG: {'env': {'loginurl': 'http://dev-public.apps.cloud2go.cn/public/ide/web/user/login'}, 'test': {'loginurl': 'http://dev-public.apps.cloud2go.cn/public/ide/web/user/login'}, 'prodect': {'loginurl': 'http://dev-public.apps.cloud2go.cn/public/ide/web/user/login'}}
2020-10-28 21:06:24,983 - log.py[line:48] - DEBUG: {'Env': {'Login': {'username': 17688773923, 'password': '12345678aa'}}, 'Test': {'Login': {'username': 17688773923, 'password': '12345678aa'}}, 'prodect': {'Login': {'username': 17688773923, 'password': '12345678aa'}}}
2020-10-28 21:06:48,847 - log.py[line:48] - DEBUG: {'env': {'loginurl': 'http://dev-public.apps.cloud2go.cn/public/ide/web/user/login'}, 'test': {'loginurl': 'http://dev-public.apps.cloud2go.cn/public/ide/web/user/login'}, 'prodect': {'loginurl': 'http://dev-public.apps.cloud2go.cn/public/ide/web/user/login'}}
2020-10-28 21:06:48,850 - log.py[line:48] - DEBUG: {'Env': {'Login': {'username': 17688773923, 'password': '12345678aa'}}, 'Test': {'Login': {'username': 17688773923, 'password': '12345678aa'}}, 'prodect': {'Login': {'username': 17688773923, 'password': '12345678aa'}}}
2020-10-28 21:10:44,965 - log.py[line:48] - DEBUG: {'env': {'loginurl': 'http://dev-public.apps.cloud2go.cn/public/ide/web/user/login'}, 'test': {'loginurl': 'http://dev-public.apps.cloud2go.cn/public/ide/web/user/login'}, 'prodect': {'loginurl': 'http://dev-public.apps.cloud2go.cn/public/ide/web/user/login'}}
2020-10-28 21:10:44,968 - log.py[line:48] - DEBUG: {'Env': {'Login': {'username': 17688773923, 'password': '12345678aa'}}, 'Test': {'Login': {'username': 17688773923, 'password': '12345678aa'}}, 'prodect': {'Login': {'username': 17688773923, 'password': '12345678aa'}}}
2020-10-28 21:12:08,610 - log.py[line:48] - DEBUG: {'env': {'loginurl': 'http://dev-public.apps.cloud2go.cn/public/ide/web/user/login'}, 'test': {'loginurl': 'http://dev-public.apps.cloud2go.cn/public/ide/web/user/login'}, 'prodect': {'loginurl': 'http://dev-public.apps.cloud2go.cn/public/ide/web/user/login'}}
2020-10-28 21:12:08,613 - log.py[line:48] - DEBUG: {'Env': {'Login': {'username': 17688773923, 'password': '12345678aa'}}, 'Test': {'Login': {'username': 17688773923, 'password': '12345678aa'}}, 'prodect': {'Login': {'username': 17688773923, 'password': '12345678aa'}}}
